<?xml version="1.0" encoding="UTF-8"?>
<!-- Generated by org.testng.reporters.JUnitReportReporter -->
<testsuite hostname="RojaRamani" failures="0" tests="1" name="com.demoWebShop.testCases.BookShopping_Test" time="33.024" errors="0" timestamp="13 Sep 2020 18:38:33 GMT" skipped="0">
  <testcase classname="com.demoWebShop.testCases.BookShopping_Test" name="completeBookShopping" time="33.024"/>
</testsuite> <!-- com.demoWebShop.testCases.BookShopping_Test -->
